# JRE version: Java(TM) SE Runtime Environment (18.0+36) (build 18+36-2087)
# Java VM: Java HotSpot(TM) 64-Bit Server VM (18+36-2087, mixed mode, sharing, tiered, compressed oops, compressed class ptrs, g1 gc, windows-amd64)
GC Precious Log:
 CardTable entry size: 512
 Card Set container configuration: InlinePtr #cards 5 size 8 Array Of Cards #cards 12 size 40 Howl #buckets 4 coarsen threshold 1843 Howl Bitmap #cards 512 size 80 coarsen threshold 460 Card regions per heap region 1 cards per card region 2048
 CPUs: 4 total, 4 available
 Memory: 8107M
 Large Page Support: Disabled
 NUMA Support: Disabled
 Compressed Oops: Enabled (32-bit)
 Heap Region Size: 1M
 Heap Min Capacity: 8M
 Heap Initial Capacity: 128M
 Heap Max Capacity: 2028M
 Pre-touch: Disabled
 Parallel Workers: 4
 Concurrent Workers: 1
 Concurrent Refinement Workers: 4
 Periodic GC: Disabled
Heap:
 garbage-first heap   total 154624K, used 123621K [0x0000000081400000, 0x0000000100000000)
  region size 1024K, 61 young (62464K), 2 survivors (2048K)
 Metaspace       used 83558K, committed 87232K, reserved 1179648K
  class space    used 9276K, committed 10624K, reserved 1048576K
GC Heap History (20 events):
Event: 11533.531 GC heap after
{Heap after GC invocations=270 (full 74):
 garbage-first heap   total 126976K, used 61001K [0x0000000081400000, 0x0000000100000000)
  region size 1024K, 4 young (4096K), 4 survivors (4096K)
 Metaspace       used 82215K, committed 87168K, reserved 1179648K
  class space    used 9209K, committed 10624K, reserved 1048576K
}
Event: 11534.454 GC heap before
{Heap before GC invocations=271 (full 74):
 garbage-first heap   total 126976K, used 102985K [0x0000000081400000, 0x0000000100000000)
  region size 1024K, 46 young (47104K), 4 survivors (4096K)
 Metaspace       used 82365K, committed 87168K, reserved 1179648K
  class space    used 9186K, committed 10624K, reserved 1048576K
}
Event: 11534.467 GC heap after
{Heap after GC invocations=272 (full 74):
 garbage-first heap   total 126976K, used 64138K [0x0000000081400000, 0x0000000100000000)
  region size 1024K, 4 young (4096K), 4 survivors (4096K)
 Metaspace       used 82365K, committed 87168K, reserved 1179648K
  class space    used 9186K, committed 10624K, reserved 1048576K
}
Event: 11581.386 GC heap before
{Heap before GC invocations=272 (full 74):
 garbage-first heap   total 126976K, used 103050K [0x0000000081400000, 0x0000000100000000)
  region size 1024K, 42 young (43008K), 4 survivors (4096K)
 Metaspace       used 82415K, committed 87168K, reserved 1179648K
  class space    used 9189K, committed 10624K, reserved 1048576K
}
Event: 11581.394 GC heap after
{Heap after GC invocations=273 (full 74):
 garbage-first heap   total 126976K, used 65168K [0x0000000081400000, 0x0000000100000000)
  region size 1024K, 2 young (2048K), 2 survivors (2048K)
 Metaspace       used 82415K, committed 87168K, reserved 1179648K
  class space    used 9189K, committed 10624K, reserved 1048576K
}
Event: 11668.294 GC heap before
{Heap before GC invocations=274 (full 74):
 garbage-first heap   total 126976K, used 104080K [0x0000000081400000, 0x0000000100000000)
  region size 1024K, 40 young (40960K), 2 survivors (2048K)
 Metaspace       used 82413K, committed 87168K, reserved 1179648K
  class space    used 9189K, committed 10624K, reserved 1048576K
}
Event: 11668.304 GC heap after
{Heap after GC invocations=275 (full 74):
 garbage-first heap   total 126976K, used 65023K [0x0000000081400000, 0x0000000100000000)
  region size 1024K, 2 young (2048K), 2 survivors (2048K)
 Metaspace       used 82413K, committed 87168K, reserved 1179648K
  class space    used 9189K, committed 10624K, reserved 1048576K
}
Event: 11674.256 GC heap before
{Heap before GC invocations=275 (full 74):
 garbage-first heap   total 126976K, used 68095K [0x0000000081400000, 0x0000000100000000)
  region size 1024K, 6 young (6144K), 2 survivors (2048K)
 Metaspace       used 82426K, committed 87168K, reserved 1179648K
  class space    used 9192K, committed 10624K, reserved 1048576K
}
Event: 11674.441 GC heap after
{Heap after GC invocations=276 (full 75):
 garbage-first heap   total 126976K, used 58289K [0x0000000081400000, 0x0000000100000000)
  region size 1024K, 0 young (0K), 0 survivors (0K)
 Metaspace       used 82426K, committed 87168K, reserved 1179648K
  class space    used 9192K, committed 10624K, reserved 1048576K
}
Event: 11675.042 GC heap before
{Heap before GC invocations=276 (full 75):
 garbage-first heap   total 126976K, used 104369K [0x0000000081400000, 0x0000000100000000)
  region size 1024K, 46 young (47104K), 0 survivors (0K)
 Metaspace       used 82520K, committed 87168K, reserved 1179648K
  class space    used 9204K, committed 10624K, reserved 1048576K
}
Event: 11675.049 GC heap after
{Heap after GC invocations=277 (full 75):
 garbage-first heap   total 126976K, used 61811K [0x0000000081400000, 0x0000000100000000)
  region size 1024K, 4 young (4096K), 4 survivors (4096K)
 Metaspace       used 82520K, committed 87168K, reserved 1179648K
  class space    used 9204K, committed 10624K, reserved 1048576K
}
Event: 11675.834 GC heap before
{Heap before GC invocations=278 (full 75):
 garbage-first heap   total 126976K, used 104819K [0x0000000081400000, 0x0000000100000000)
  region size 1024K, 46 young (47104K), 4 survivors (4096K)
 Metaspace       used 82812K, committed 87232K, reserved 1179648K
  class space    used 9224K, committed 10624K, reserved 1048576K
}
Event: 11675.846 GC heap after
{Heap after GC invocations=279 (full 75):
 garbage-first heap   total 126976K, used 64812K [0x0000000081400000, 0x0000000100000000)
  region size 1024K, 4 young (4096K), 4 survivors (4096K)
 Metaspace       used 82812K, committed 87232K, reserved 1179648K
  class space    used 9224K, committed 10624K, reserved 1048576K
}
Event: 11722.803 GC heap before
{Heap before GC invocations=279 (full 75):
 garbage-first heap   total 126976K, used 104748K [0x0000000081400000, 0x0000000100000000)
  region size 1024K, 43 young (44032K), 4 survivors (4096K)
 Metaspace       used 82856K, committed 87232K, reserved 1179648K
  class space    used 9227K, committed 10624K, reserved 1048576K
}
Event: 11722.824 GC heap after
{Heap after GC invocations=280 (full 75):
 garbage-first heap   total 154624K, used 66087K [0x0000000081400000, 0x0000000100000000)
  region size 1024K, 2 young (2048K), 2 survivors (2048K)
 Metaspace       used 82856K, committed 87232K, reserved 1179648K
  class space    used 9227K, committed 10624K, reserved 1048576K
}
Event: 11792.119 GC heap before
{Heap before GC invocations=281 (full 75):
 garbage-first heap   total 154624K, used 97831K [0x0000000081400000, 0x0000000100000000)
  region size 1024K, 34 young (34816K), 2 survivors (2048K)
 Metaspace       used 82896K, committed 87232K, reserved 1179648K
  class space    used 9229K, committed 10624K, reserved 1048576K
}
Event: 11792.293 GC heap after
{Heap after GC invocations=282 (full 76):
 garbage-first heap   total 154624K, used 58579K [0x0000000081400000, 0x0000000100000000)
  region size 1024K, 0 young (0K), 0 survivors (0K)
 Metaspace       used 82896K, committed 87232K, reserved 1179648K
  class space    used 9229K, committed 10624K, reserved 1048576K
}
Event: 11793.564 GC heap before
{Heap before GC invocations=282 (full 76):
 garbage-first heap   total 154624K, used 122067K [0x0000000081400000, 0x0000000100000000)
  region size 1024K, 63 young (64512K), 0 survivors (0K)
 Metaspace       used 83083K, committed 87232K, reserved 1179648K
  class space    used 9249K, committed 10624K, reserved 1048576K
}
Event: 11793.575 GC heap after
{Heap after GC invocations=283 (full 76):
 garbage-first heap   total 154624K, used 63205K [0x0000000081400000, 0x0000000100000000)
  region size 1024K, 5 young (5120K), 5 survivors (5120K)
 Metaspace       used 83083K, committed 87232K, reserved 1179648K
  class space    used 9249K, committed 10624K, reserved 1048576K
}
Event: 11889.135 GC heap before
{Heap before GC invocations=283 (full 76):
 garbage-first heap   total 154624K, used 123621K [0x0000000081400000, 0x0000000100000000)
  region size 1024K, 64 young (65536K), 5 survivors (5120K)
 Metaspace       used 83558K, committed 87232K, reserved 1179648K
  class space    used 9276K, committed 10624K, reserved 1048576K
}

