# JRE version: Java(TM) SE Runtime Environment (18.0+36) (build 18+36-2087)
# Java VM: Java HotSpot(TM) 64-Bit Server VM (18+36-2087, mixed mode, sharing, tiered, compressed oops, compressed class ptrs, g1 gc, windows-amd64)
GC Precious Log:
 CardTable entry size: 512
 Card Set container configuration: InlinePtr #cards 5 size 8 Array Of Cards #cards 12 size 40 Howl #buckets 4 coarsen threshold 1843 Howl Bitmap #cards 512 size 80 coarsen threshold 460 Card regions per heap region 1 cards per card region 2048
 CPUs: 4 total, 4 available
 Memory: 8107M
 Large Page Support: Disabled
 NUMA Support: Disabled
 Compressed Oops: Enabled (32-bit)
 Heap Region Size: 1M
 Heap Min Capacity: 8M
 Heap Initial Capacity: 128M
 Heap Max Capacity: 2028M
 Pre-touch: Disabled
 Parallel Workers: 4
 Concurrent Workers: 1
 Concurrent Refinement Workers: 4
 Periodic GC: Disabled
Heap:
 garbage-first heap   total 232448K, used 195167K [0x0000000081400000, 0x0000000100000000)
  region size 1024K, 120 young (122880K), 6 survivors (6144K)
 Metaspace       used 100852K, committed 102784K, reserved 1179648K
  class space    used 10661K, committed 11648K, reserved 1048576K
GC Heap History (20 events):
Event: 4450.709 GC heap after
{Heap after GC invocations=180 (full 54):
 garbage-first heap   total 232448K, used 75839K [0x0000000081400000, 0x0000000100000000)
  region size 1024K, 0 young (0K), 0 survivors (0K)
 Metaspace       used 98518K, committed 100288K, reserved 1179648K
  class space    used 10480K, committed 11392K, reserved 1048576K
}
Event: 4454.267 GC heap before
{Heap before GC invocations=180 (full 54):
 garbage-first heap   total 232448K, used 184383K [0x0000000081400000, 0x0000000100000000)
  region size 1024K, 108 young (110592K), 0 survivors (0K)
 Metaspace       used 98932K, committed 100672K, reserved 1179648K
  class space    used 10515K, committed 11392K, reserved 1048576K
}
Event: 4454.446 GC heap after
{Heap after GC invocations=181 (full 55):
 garbage-first heap   total 232448K, used 76213K [0x0000000081400000, 0x0000000100000000)
  region size 1024K, 0 young (0K), 0 survivors (0K)
 Metaspace       used 98929K, committed 100672K, reserved 1179648K
  class space    used 10514K, committed 11392K, reserved 1048576K
}
Event: 4475.062 GC heap before
{Heap before GC invocations=181 (full 55):
 garbage-first heap   total 232448K, used 190901K [0x0000000081400000, 0x0000000100000000)
  region size 1024K, 113 young (115712K), 0 survivors (0K)
 Metaspace       used 99324K, committed 101184K, reserved 1179648K
  class space    used 10544K, committed 11456K, reserved 1048576K
}
Event: 4475.074 GC heap after
{Heap after GC invocations=182 (full 55):
 garbage-first heap   total 232448K, used 82970K [0x0000000081400000, 0x0000000100000000)
  region size 1024K, 7 young (7168K), 7 survivors (7168K)
 Metaspace       used 99324K, committed 101184K, reserved 1179648K
  class space    used 10544K, committed 11456K, reserved 1048576K
}
Event: 4500.919 GC heap before
{Heap before GC invocations=182 (full 55):
 garbage-first heap   total 232448K, used 191514K [0x0000000081400000, 0x0000000100000000)
  region size 1024K, 113 young (115712K), 7 survivors (7168K)
 Metaspace       used 99728K, committed 101632K, reserved 1179648K
  class space    used 10577K, committed 11520K, reserved 1048576K
}
Event: 4500.949 GC heap after
{Heap after GC invocations=183 (full 55):
 garbage-first heap   total 232448K, used 86453K [0x0000000081400000, 0x0000000100000000)
  region size 1024K, 10 young (10240K), 10 survivors (10240K)
 Metaspace       used 99728K, committed 101632K, reserved 1179648K
  class space    used 10577K, committed 11520K, reserved 1048576K
}
Event: 4639.144 GC heap before
{Heap before GC invocations=183 (full 55):
 garbage-first heap   total 232448K, used 191925K [0x0000000081400000, 0x0000000100000000)
  region size 1024K, 113 young (115712K), 10 survivors (10240K)
 Metaspace       used 99728K, committed 101632K, reserved 1179648K
  class space    used 10577K, committed 11520K, reserved 1048576K
}
Event: 4639.172 GC heap after
{Heap after GC invocations=184 (full 55):
 garbage-first heap   total 232448K, used 86887K [0x0000000081400000, 0x0000000100000000)
  region size 1024K, 6 young (6144K), 6 survivors (6144K)
 Metaspace       used 99728K, committed 101632K, reserved 1179648K
  class space    used 10577K, committed 11520K, reserved 1048576K
}
Event: 4671.492 GC heap before
{Heap before GC invocations=184 (full 55):
 garbage-first heap   total 232448K, used 112487K [0x0000000081400000, 0x0000000100000000)
  region size 1024K, 32 young (32768K), 6 survivors (6144K)
 Metaspace       used 99730K, committed 101632K, reserved 1179648K
  class space    used 10577K, committed 11520K, reserved 1048576K
}
Event: 4671.680 GC heap after
{Heap after GC invocations=185 (full 56):
 garbage-first heap   total 232448K, used 78178K [0x0000000081400000, 0x0000000100000000)
  region size 1024K, 0 young (0K), 0 survivors (0K)
 Metaspace       used 99728K, committed 101632K, reserved 1179648K
  class space    used 10577K, committed 11520K, reserved 1048576K
}
Event: 4681.038 GC heap before
{Heap before GC invocations=185 (full 56):
 garbage-first heap   total 232448K, used 191842K [0x0000000081400000, 0x0000000100000000)
  region size 1024K, 112 young (114688K), 0 survivors (0K)
 Metaspace       used 100139K, committed 102080K, reserved 1179648K
  class space    used 10610K, committed 11584K, reserved 1048576K
}
Event: 4681.065 GC heap after
{Heap after GC invocations=186 (full 56):
 garbage-first heap   total 232448K, used 84618K [0x0000000081400000, 0x0000000100000000)
  region size 1024K, 7 young (7168K), 7 survivors (7168K)
 Metaspace       used 100139K, committed 102080K, reserved 1179648K
  class space    used 10610K, committed 11584K, reserved 1048576K
}
Event: 4821.652 GC heap before
{Heap before GC invocations=186 (full 56):
 garbage-first heap   total 232448K, used 191114K [0x0000000081400000, 0x0000000100000000)
  region size 1024K, 111 young (113664K), 7 survivors (7168K)
 Metaspace       used 100139K, committed 102080K, reserved 1179648K
  class space    used 10610K, committed 11584K, reserved 1048576K
}
Event: 4821.676 GC heap after
{Heap after GC invocations=187 (full 56):
 garbage-first heap   total 232448K, used 84322K [0x0000000081400000, 0x0000000100000000)
  region size 1024K, 6 young (6144K), 6 survivors (6144K)
 Metaspace       used 100139K, committed 102080K, reserved 1179648K
  class space    used 10610K, committed 11584K, reserved 1048576K
}
Event: 4944.320 GC heap before
{Heap before GC invocations=187 (full 56):
 garbage-first heap   total 232448K, used 177506K [0x0000000081400000, 0x0000000100000000)
  region size 1024K, 98 young (100352K), 6 survivors (6144K)
 Metaspace       used 100143K, committed 102080K, reserved 1179648K
  class space    used 10610K, committed 11584K, reserved 1048576K
}
Event: 4944.567 GC heap after
{Heap after GC invocations=188 (full 57):
 garbage-first heap   total 232448K, used 78259K [0x0000000081400000, 0x0000000100000000)
  region size 1024K, 0 young (0K), 0 survivors (0K)
 Metaspace       used 100139K, committed 102080K, reserved 1179648K
  class space    used 10609K, committed 11584K, reserved 1048576K
}
Event: 4949.882 GC heap before
{Heap before GC invocations=188 (full 57):
 garbage-first heap   total 232448K, used 188851K [0x0000000081400000, 0x0000000100000000)
  region size 1024K, 110 young (112640K), 0 survivors (0K)
 Metaspace       used 100650K, committed 102528K, reserved 1179648K
  class space    used 10643K, committed 11584K, reserved 1048576K
}
Event: 4950.064 GC heap after
{Heap after GC invocations=189 (full 58):
 garbage-first heap   total 232448K, used 78431K [0x0000000081400000, 0x0000000100000000)
  region size 1024K, 0 young (0K), 0 survivors (0K)
 Metaspace       used 100648K, committed 102528K, reserved 1179648K
  class space    used 10642K, committed 11584K, reserved 1048576K
}
Event: 5021.102 GC heap before
{Heap before GC invocations=189 (full 58):
 garbage-first heap   total 232448K, used 194143K [0x0000000081400000, 0x0000000100000000)
  region size 1024K, 114 young (116736K), 0 survivors (0K)
 Metaspace       used 100852K, committed 102784K, reserved 1179648K
  class space    used 10661K, committed 11648K, reserved 1048576K
}

